Log file open, 10/01/17 19:24:06
LogInit:Display: Running engine for game: FiveNights
LogPlatformFile: Not using cached read wrapper
LogInit:Display: RandInit(-1135647230) SRandInit(-1135647230).
LogTaskGraph: Started task graph with 5 named threads and 8 total threads with 1 sets of task threads.
LogStats: Stats thread started at 0.085261
LogInit: Using libcurl 7.47.1
LogInit:  - built for x86_64-pc-win32
LogInit:  - supports SSL with OpenSSL/1.0.2g
LogInit:  - supports HTTP deflate (compression) using libz 1.2.8
LogInit:  - other features:
LogInit:      CURL_VERSION_SSL
LogInit:      CURL_VERSION_LIBZ
LogInit:      CURL_VERSION_IPV6
LogInit:      CURL_VERSION_ASYNCHDNS
LogInit:      CURL_VERSION_LARGEFILE
LogInit:      CURL_VERSION_IDN
LogInit:  CurlRequestOptions (configurable via config and command line):
LogInit:  - bVerifyPeer = false  - Libcurl will NOT verify peer certificate
LogInit:  - bUseHttpProxy = false  - Libcurl will NOT use HTTP proxy
LogInit:  - bDontReuseConnections = false  - Libcurl will reuse connections
LogInit:  - CertBundlePath = nullptr  - Libcurl will use whatever was configured at build time.
LogInit: Build: ++UE4+Release-4.16-CL-3561208
LogInit: Engine Version: 4.16.3-3561208+++UE4+Release-4.16
LogInit: Compatible Engine Version: 4.16.0-3452394+++UE4+Release-4.16
LogInit: Net CL: 3452394
LogDevObjectVersion: Number of dev versions registered: 16
LogDevObjectVersion:   Dev-Blueprints (B0D832E4-1F89-4F0D-ACCF-7EB736FD4AA2): 9
LogDevObjectVersion:   Dev-Build (E1C64328-A22C-4D53-A36C-8E866417BD8C): 0
LogDevObjectVersion:   Dev-Core (375EC13C-06E4-48FB-B500-84F0262A717E): 2
LogDevObjectVersion:   Dev-Editor (E4B068ED-F494-42E9-A231-DA0B2E46BB41): 17
LogDevObjectVersion:   Dev-Framework (CFFC743F-43B0-4480-9391-14DF171D2073): 23
LogDevObjectVersion:   Dev-Mobile (B02B49B5-BB20-44E9-A304-32B752E40360): 0
LogDevObjectVersion:   Dev-Networking (A4E4105C-59A1-49B5-A7C5-40C4547EDFEE): 0
LogDevObjectVersion:   Dev-Online (39C831C9-5AE6-47DC-9A44-9C173E1C8E7C): 0
LogDevObjectVersion:   Dev-Physics (78F01B33-EBEA-4F98-B9B4-84EACCB95AA2): 0
LogDevObjectVersion:   Dev-Platform (6631380F-2D4D-43E0-8009-CF276956A95A): 0
LogDevObjectVersion:   Dev-Rendering (12F88B9F-8875-4AFC-A67C-D90C383ABD29): 15
LogDevObjectVersion:   Dev-Sequencer (7B5AE74C-D270-4C10-A958-57980B212A5A): 4
LogDevObjectVersion:   Dev-VR (D7296918-1DD6-4BDD-9DE2-64A83CC13884): 0
LogDevObjectVersion:   Dev-LoadTimes (C2A15278-BFE7-4AFE-6C17-90FF531DF755): 1
LogDevObjectVersion:   Private-Geometry (6EACA3D4-40EC-4CC1-B786-8BED09428FC5): 1
LogDevObjectVersion:   Dev-AnimPhys (29E575DD-E0A3-4627-9D10-D276232CDCEA): 3
LogInit: Compiled (64-bit): Jul 28 2017 11:49:47
LogInit: Compiled with Visual C++: 19.00.24215.01
LogInit: Build Configuration: Development
LogInit: Branch Name: ++UE4+Release-4.16
LogInit: Command line:  
LogInit: Base directory: C:/Program Files/Epic Games/UE_4.16/Engine/Binaries/Win64/
LogInit: Installed Engine Build: 1
LogInit: Presizing for max 8388607 objects, including 0 objects not considered by GC, pre-allocating 0 bytes for permanent pool.
LogInit: Object subsystem initialized
[2017.10.01-23.24.07:219][  0]LogInit: Selected Device Profile: [Windows]
[2017.10.01-23.24.07:219][  0]LogInit: Applying CVar settings loaded from the selected device profile: [Windows]
[2017.10.01-23.24.07:225][  0]LogInit: Computer: MELCHOR
[2017.10.01-23.24.07:225][  0]LogInit: User: BSAlberto
[2017.10.01-23.24.07:225][  0]LogInit: CPU Page size=4096, Cores=4
[2017.10.01-23.24.07:225][  0]LogInit: High frequency timer resolution =3.914062 MHz
[2017.10.01-23.24.07:225][  0]LogMemory: Memory total: Physical=16.0GB (16GB approx)
[2017.10.01-23.24.07:225][  0]LogMemory: Platform Memory Stats for Windows
[2017.10.01-23.24.07:225][  0]LogMemory: Process Physical Memory: 273.92 MB used, 273.92 MB peak
[2017.10.01-23.24.07:225][  0]LogMemory: Process Virtual Memory: 261.15 MB used, 261.15 MB peak
[2017.10.01-23.24.07:225][  0]LogMemory: Physical Memory: 7299.61 MB used,  9043.61 MB free, 16343.22 MB total
[2017.10.01-23.24.07:225][  0]LogMemory: Virtual Memory: 671.52 MB used,  9043.61 MB free, 134217728.00 MB total
[2017.10.01-23.24.07:323][  0]LogInit: Using OS detected language (en-US).
[2017.10.01-23.24.07:323][  0]LogInit: Using OS detected locale (en-US).
[2017.10.01-23.24.07:326][  0]LogTextLocalizationManager: No specific localization for 'en-US' exists, so the 'en' localization will be used.
[2017.10.01-23.24.08:074][  0]LogD3D11RHI: D3D11 adapters:
[2017.10.01-23.24.08:108][  0]LogD3D11RHI:    0. 'NVIDIA GeForce GTX 1080' (Feature Level 11_0)
[2017.10.01-23.24.08:108][  0]LogD3D11RHI:       8086/0/8171 MB DedicatedVideo/DedicatedSystem/SharedSystem, Outputs:3, VendorId:0x10de
[2017.10.01-23.24.08:110][  0]LogD3D11RHI:    1. 'Microsoft Basic Render Driver' (Feature Level 11_0)
[2017.10.01-23.24.08:110][  0]LogD3D11RHI:       0/0/8171 MB DedicatedVideo/DedicatedSystem/SharedSystem, Outputs:0, VendorId:0x1414
[2017.10.01-23.24.08:110][  0]LogD3D11RHI: Chosen D3D11 Adapter: 0
[2017.10.01-23.24.08:115][  0]LogD3D11RHI: Creating new Direct3DDevice
[2017.10.01-23.24.08:115][  0]LogD3D11RHI:     GPU DeviceId: 0x1b80 (for the marketing name, search the web for "GPU Device Id")
[2017.10.01-23.24.08:115][  0]LogWindows: EnumDisplayDevices:
[2017.10.01-23.24.08:115][  0]LogWindows:    0. 'NVIDIA GeForce GTX 1080' (P:1 D:1)
[2017.10.01-23.24.08:115][  0]LogWindows:    1. 'NVIDIA GeForce GTX 1080' (P:0 D:1)
[2017.10.01-23.24.08:116][  0]LogWindows:    2. 'NVIDIA GeForce GTX 1080' (P:0 D:1)
[2017.10.01-23.24.08:116][  0]LogWindows:    3. 'NVIDIA GeForce GTX 1080' (P:0 D:0)
[2017.10.01-23.24.08:116][  0]LogWindows: DebugString: GetVideoDriverDetailsInvalid PrimaryIsNotTheChoosenAdapter GetVideoDriverDetailsInvalid PrimaryIsNotTheChoosenAdapter GetVideoDriverDetailsInvalid PrimaryIsNotTheChoosenAdapter GetVideoDriverDetailsInvalid PrimaryIsNotTheChoosenAdapter FoundDriverCount:0 
[2017.10.01-23.24.08:116][  0]LogD3D11RHI:     Adapter Name: NVIDIA GeForce GTX 1080
[2017.10.01-23.24.08:116][  0]LogD3D11RHI:   Driver Version: Unknown (internal:Unknown, unified:Unknown)
[2017.10.01-23.24.08:116][  0]LogD3D11RHI:      Driver Date: Unknown
[2017.10.01-23.24.08:116][  0]LogRHI: Texture pool is 1361 MB (70% of 1945 MB)
[2017.10.01-23.24.08:137][  0]LogD3D11RHI: Async texture creation enabled
[2017.10.01-23.24.08:160][  0]LogD3D11RHI: GPU Timing Frequency: 1000.000000 (Debug: 2 1)
[2017.10.01-23.24.08:296][  0]LogShaderCompilers: Guid format shader working directory is 19 characters bigger than the processId version (D:/Repositories/FNF/FiveNights/Intermediate/Shaders/WorkingDirectory/29728/).
[2017.10.01-23.24.08:296][  0]LogShaderCompilers: Cleaned the shader compiler working directory 'C:/Users/BSAlberto/AppData/Local/Temp/UnrealShaderWorkingDir/39BF7C774396BFD48728E3B3EF1E4168/'.
[2017.10.01-23.24.08:296][  0]LogShaderCompilers:Display: Using Local Shader Compiler.
[2017.10.01-23.24.09:181][  0]LogTemp:Display: Loaded TP AllDesktopTargetPlatform
[2017.10.01-23.24.09:245][  0]LogTemp:Display: Loaded TP MacClientTargetPlatform
[2017.10.01-23.24.09:315][  0]LogTemp:Display: Loaded TP MacNoEditorTargetPlatform
[2017.10.01-23.24.09:378][  0]LogTemp:Display: Loaded TP MacServerTargetPlatform
[2017.10.01-23.24.09:442][  0]LogTemp:Display: Loaded TP MacTargetPlatform
[2017.10.01-23.24.09:507][  0]LogTemp:Display: Loaded TP WindowsClientTargetPlatform
[2017.10.01-23.24.09:574][  0]LogTemp:Display: Loaded TP WindowsNoEditorTargetPlatform
[2017.10.01-23.24.09:638][  0]LogTemp:Display: Loaded TP WindowsServerTargetPlatform
[2017.10.01-23.24.09:697][  0]LogTemp:Display: Loaded TP WindowsTargetPlatform
[2017.10.01-23.24.09:760][  0]LogTemp:Display: Loaded TP AndroidTargetPlatform
[2017.10.01-23.24.09:826][  0]LogTemp:Display: Loaded TP Android_ASTCTargetPlatform
[2017.10.01-23.24.09:892][  0]LogTemp:Display: Loaded TP Android_ATCTargetPlatform
[2017.10.01-23.24.09:960][  0]LogTemp:Display: Loaded TP Android_DXTTargetPlatform
[2017.10.01-23.24.10:029][  0]LogTemp:Display: Loaded TP Android_ETC1TargetPlatform
[2017.10.01-23.24.10:095][  0]LogTemp:Display: Loaded TP Android_ETC2TargetPlatform
[2017.10.01-23.24.10:221][  0]LogTemp:Display: Loaded TP Android_MultiTargetPlatform
[2017.10.01-23.24.10:221][  0]LogTemp:Display: Loaded TP Android_PVRTCTargetPlatform
[2017.10.01-23.24.10:282][  0]LogTemp:Display: Loaded TP HTML5TargetPlatform
[2017.10.01-23.24.10:395][  0]LogTemp:Display: Loaded TP IOSTargetPlatform
[2017.10.01-23.24.10:435][  0]LogTemp:Display: Loaded TP TVOSTargetPlatform
[2017.10.01-23.24.10:498][  0]LogTemp:Display: Loaded TP LinuxClientTargetPlatform
[2017.10.01-23.24.10:562][  0]LogTemp:Display: Loaded TP LinuxNoEditorTargetPlatform
[2017.10.01-23.24.10:625][  0]LogTemp:Display: Loaded TP LinuxServerTargetPlatform
[2017.10.01-23.24.10:686][  0]LogTemp:Display: Loaded TP LinuxTargetPlatform
[2017.10.01-23.24.10:686][  0]LogTargetPlatformManager:Display: Building Assets For Windows
[2017.10.01-23.24.11:362][  0]LogDerivedDataCache:Display: Max Cache Size: 512 MB
[2017.10.01-23.24.11:429][  0]LogDerivedDataCache: Loaded boot cache 0.07s 90MB C:/Users/BSAlberto/AppData/Local/UnrealEngine/4.16/DerivedDataCache/Boot.ddc.
[2017.10.01-23.24.11:429][  0]LogDerivedDataCache:Display: Loaded Boot cache: C:/Users/BSAlberto/AppData/Local/UnrealEngine/4.16/DerivedDataCache/Boot.ddc
[2017.10.01-23.24.11:430][  0]LogDerivedDataCache: FDerivedDataBackendGraph:  Pak pak cache file D:/Repositories/FNF/FiveNights/DerivedDataCache/DDC.ddp not found, will not use a pak cache.
[2017.10.01-23.24.11:430][  0]LogDerivedDataCache: Unable to find inner node Pak for hierarchical cache Hierarchy.
[2017.10.01-23.24.11:430][  0]LogDerivedDataCache: FDerivedDataBackendGraph:  CompressedPak pak cache file D:/Repositories/FNF/FiveNights/DerivedDataCache/Compressed.ddp not found, will not use a pak cache.
[2017.10.01-23.24.11:430][  0]LogDerivedDataCache: Unable to find inner node CompressedPak for hierarchical cache Hierarchy.
[2017.10.01-23.24.11:443][  0]LogDerivedDataCache:Display: Pak cache opened for reading ../../../Engine/DerivedDataCache/Compressed.ddp.
[2017.10.01-23.24.11:455][  0]LogDerivedDataCache: Using Local data cache path C:/Users/BSAlberto/AppData/Local/UnrealEngine/Common/DerivedDataCache: Writable
[2017.10.01-23.24.11:462][  0]LogMaterial: Verifying Global Shaders for PCD3D_SM5
[2017.10.01-23.24.11:462][  0]LogSlate: Using Freetype 2.6.0
[2017.10.01-23.24.11:463][  0]LogSlate: SlateFontCache - WITH_FREETYPE: 1, WITH_HARFBUZZ: 1
[2017.10.01-23.24.11:463][  0]LogSlate: SlateFontCache - WITH_FREETYPE: 1, WITH_HARFBUZZ: 1
[2017.10.01-23.24.11:720][  0]LogInit: Selected Device Profile: [Windows]
[2017.10.01-23.24.11:767][  0]LogContentStreaming: Texture pool size is 0.00 MB
[2017.10.01-23.24.11:931][  0]LogMeshUtilities: Using QuadricMeshReduction for automatic static mesh reduction
[2017.10.01-23.24.11:992][  0]LogSimplygon: Simplygon DLL not present - disabling.
[2017.10.01-23.24.12:055][  0]LogMeshUtilities: Using SimplygonSwarm for distributed automatic mesh merging
[2017.10.01-23.24.12:055][  0]LogMeshUtilities: No automatic skeletal mesh reduction module available
[2017.10.01-23.24.12:055][  0]LogMeshUtilities: No automatic mesh merging module available
[2017.10.01-23.24.12:594][  0]LogNetVersion: FiveNights , NetCL: 3452394, EngineNetVer: 2, GameNetVer: 0 (Checksum: 2606176116)
[2017.10.01-23.24.12:659][  0]LogAssetRegistry: FAssetRegistry took 0.0240 seconds to start up
[2017.10.01-23.24.12:714][  0]LogPackageLocalizationCache: Processed 4 localized package path(s) for 2 prioritized culture(s) in 0.022488 seconds
[2017.10.01-23.24.12:718][  0]LogUObjectArray: 34194 objects as part of root set at end of initial load.
[2017.10.01-23.24.12:718][  0]LogUObjectAllocator: 7260416 out of 0 bytes used by permanent object pool.
[2017.10.01-23.24.12:718][  0]LogUObjectArray: CloseDisregardForGC: 0/0 objects in disregard for GC pool
[2017.10.01-23.24.12:811][  0]LogInit: WinSock: version 1.1 (2.2), MaxSocks=32767, MaxUdp=65467
[2017.10.01-23.24.15:723][  0]LogTcpMessaging: Initializing TcpMessaging bridge
[2017.10.01-23.24.15:773][  0]LogUdpMessaging: Initializing bridge on interface 0.0.0.0:0 to multicast group 230.0.0.1:6666.
[2017.10.01-23.24.16:502][  0]LogMaterial: Uniform references updated for custom material expression Custom.
[2017.10.01-23.24.17:078][  0]SourceControl: Info Source control is disabled
[2017.10.01-23.24.17:130][  0]SourceControl: Info Source control is disabled
[2017.10.01-23.24.17:201][  0]SourceControl: Info Source control is disabled
[2017.10.01-23.24.17:268][  0]SourceControl: Info Source control is disabled
[2017.10.01-23.24.18:218][  0]LogAndroidPermission: UAndroidPermissionCallbackProxy::GetInstance
[2017.10.01-23.24.19:085][  0]LogEngine: Initializing Engine...
[2017.10.01-23.24.19:102][  0]LogHMD: Failed to initialize OpenVR with code 126
[2017.10.01-23.24.19:246][  0]LogStats: UGameplayTagsManager::ConstructGameplayTagTree: Construct from data asset -  0.000 s
[2017.10.01-23.24.19:246][  0]LogStats: UGameplayTagsManager::ConstructGameplayTagTree: GameplayTagTreeChangedEvent.Broadcast -  0.000 s
[2017.10.01-23.24.19:429][  0]LogAIModule: Creating AISystem for world Untitled
[2017.10.01-23.24.19:450][  0]LogInit: XAudio2 using 'Speakers (Realtek High Definition Audio)' : 2 channels at 48 kHz using 32 bits per sample (channel mask 0x3)
[2017.10.01-23.24.19:484][  0]LogInit: FAudioDevice initialized.
[2017.10.01-23.24.19:532][  0]LogDerivedDataCache: Saved boot cache 0.05s 90MB C:/Users/BSAlberto/AppData/Local/UnrealEngine/4.16/DerivedDataCache/Boot.ddc.
[2017.10.01-23.24.19:540][  0]LogInit: Texture streaming: Enabled
[2017.10.01-23.24.19:688][  0]LogEngineSessionManager: EngineSessionManager initialized
[2017.10.01-23.24.19:990][  0]LogInit: Transaction tracking system initialized
[2017.10.01-23.24.20:435][  0]BlueprintLog: New page: Editor Load
[2017.10.01-23.24.21:817][  0]LocalizationService: Info Localization service is disabled
[2017.10.01-23.24.22:761][  0]LogConsoleResponse:Display: 
[2017.10.01-23.24.22:898][  0]LogCook:Display: Max memory allowance for cook 16384mb min free memory 0mb
[2017.10.01-23.24.22:898][  0]LogCook:Display: Mobile HDR setting 1
[2017.10.01-23.24.23:830][  0]LogFileCache: Scanning file cache for directory 'D:/Repositories/FNF/FiveNights/Content/' took 0.02s
[2017.10.01-23.24.24:300][  0]SourceControl: Info Source control is disabled
[2017.10.01-23.24.24:300][  0]Cmd: MAP LOAD FILE="D:/Repositories/FNF/FiveNights/Content/Playground/Levels/FNF/Map_FiveNights.umap" TEMPLATE=0 SHOWPROGRESS=1 FEATURELEVEL=3
[2017.10.01-23.24.24:301][  0]LightingResults: New page: Lighting Build
[2017.10.01-23.24.24:358][  0]MapCheck: New page: Map Check
[2017.10.01-23.24.24:358][  0]LightingResults: New page: Lighting Build
[2017.10.01-23.24.25:085][  0]LogAIModule: Creating AISystem for world Map_FiveNights
[2017.10.01-23.24.25:162][  0]LogEditorServer: Finished looking for orphan Actors (0.000 secs)
[2017.10.01-23.24.25:183][  0]Cmd: MAP CHECKDEP NOCLEARLOG
[2017.10.01-23.24.25:261][  0]MapCheck: Info Map check complete: 0 Error(s), 0 Warning(s), took 78.43ms to complete.
[2017.10.01-23.24.25:262][  0]LogFileHelpers: Loading map 'Map_FiveNights' took 0.961
[2017.10.01-23.24.25:423][  0]LogCollectionManager: Loaded 0 collections in 0.001603 seconds
[2017.10.01-23.24.25:525][  0]LogFileCache: Scanning file cache for directory 'D:/Repositories/FNF/FiveNights/Saved/Collections/' took 0.01s
[2017.10.01-23.24.25:525][  0]LogFileCache: Scanning file cache for directory 'D:/Repositories/FNF/FiveNights/Content/Developers/BSAlberto/Collections/' took 0.01s
[2017.10.01-23.24.25:525][  0]LogFileCache: Scanning file cache for directory 'D:/Repositories/FNF/FiveNights/Content/Collections/' took 0.01s
[2017.10.01-23.24.25:525][  0]LogCollectionManager: Rebuilt the GUID cache for 0 collections in 0.000001 seconds
[2017.10.01-23.24.25:532][  0]LogContentBrowser: Native class hierarchy populated in 0.0070 seconds. Added 2329 classes and 491 folders.
[2017.10.01-23.24.25:623][  0]LogContentBrowser: Native class hierarchy updated for 'WidgetCarousel' in 0.0006 seconds. Added 0 classes and 0 folders.
[2017.10.01-23.24.25:661][  0]LogContentBrowser: Native class hierarchy updated for 'AddContentDialog' in 0.0006 seconds. Added 0 classes and 0 folders.
[2017.10.01-23.24.25:719][  0]LogContentBrowser: Native class hierarchy updated for 'SceneOutliner' in 0.0006 seconds. Added 1 classes and 2 folders.
[2017.10.01-23.24.25:814][  0]LogCrashTracker: Crashtracker disabled due to settings.
[2017.10.01-23.24.25:818][  0]LogSlate: Took 0.000158 seconds to synchronously load lazily loaded font '../../../Engine/Content/Slate/Fonts/Roboto-Regular.ttf' (155K)
[2017.10.01-23.24.25:820][  0]LogSlate: Took 0.000180 seconds to synchronously load lazily loaded font '../../../Engine/Content/Slate/Fonts/Roboto-Bold.ttf' (160K)
[2017.10.01-23.24.25:823][  0]LogSlate: Took 0.000183 seconds to synchronously load lazily loaded font '../../../Engine/Content/Editor/Slate/Fonts/FontAwesome.ttf' (139K)
[2017.10.01-23.24.25:894][  0]LogRenderer: Reallocating scene render targets to support 1616x576 NumSamples 1 (Frame:1).
[2017.10.01-23.24.26:086][  0]LogUObjectGlobals:Warning: Failed to find object 'Class None.'
[2017.10.01-23.24.26:164][  0]LogContentBrowser: Native class hierarchy updated for 'HierarchicalLODOutliner' in 0.0006 seconds. Added 1 classes and 2 folders.
[2017.10.01-23.24.26:164][  0]LogLoad: (Engine Initialization) Total time: 20.67 seconds
[2017.10.01-23.24.26:164][  0]LogLoad: (Engine Initialization) Total Blueprint compile time: 0.15 seconds
[2017.10.01-23.24.26:164][  0]LogExternalProfiler: No external profilers were discovered.  External profiling features will not be available.
[2017.10.01-23.24.26:504][  0]LogOcInput: OculusInput pre-init called
[2017.10.01-23.24.26:504][  0]LogHMD: Starting GearVRController plugin
[2017.10.01-23.24.26:518][  0]LogAssetRegistry: Asset discovery search completed in 13.8798 seconds
[2017.10.01-23.24.26:519][  0]LogCollectionManager: Rebuilt the object cache for 0 collections in 0.000000 seconds (found 0 objects)
[2017.10.01-23.24.26:519][  0]LogCollectionManager: Fixed up redirectors for 0 collections in 0.000018 seconds (updated 0 objects)
[2017.10.01-23.24.26:522][  0]LogContentStreaming: Texture pool size now 1000 MB
[2017.10.01-23.24.26:568][  0]LogSlate: Took 0.000188 seconds to synchronously load lazily loaded font '../../../Engine/Content/Slate/Fonts/Roboto-Light.ttf' (159K)
[2017.10.01-23.24.27:505][  3]LogSlate: Took 0.000224 seconds to synchronously load lazily loaded font '../../../Engine/Content/Slate/Fonts/Roboto-Light.ttf' (159K)
[2017.10.01-23.24.41:658][178]LogTemp: Repeting last play command: Selected Viewport
[2017.10.01-23.24.42:851][178]LogBlueprintUserMessages: Early PlayInEditor Detection: Level '/Game/Playground/Levels/FNF/Map_FiveNights.Map_FiveNights:PersistentLevel' has LevelScriptBlueprint '/Game/Playground/Levels/FNF/Map_FiveNights.Map_FiveNights:PersistentLevel.Map_FiveNights' with GeneratedClass '/Game/Playground/Levels/FNF/Map_FiveNights.Map_FiveNights_C' with ClassGeneratedBy '/Game/Playground/Levels/FNF/Map_FiveNights.Map_FiveNights:PersistentLevel.Map_FiveNights'
[2017.10.01-23.24.42:851][178]LogPlayLevel: PlayLevel: No blueprints needed recompiling
[2017.10.01-23.24.42:851][178]PIE: New page: PIE session: Map_FiveNights (Oct 1, 2017, 3:24:42 PM)
[2017.10.01-23.24.42:851][178]LogPlayLevel: Creating play world package: /Game/Playground/Levels/FNF/UEDPIE_0_Map_FiveNights
[2017.10.01-23.24.42:914][178]LogPlayLevel: PIE: StaticDuplicateObject took: (0.063363s)
[2017.10.01-23.24.42:915][178]LogAIModule: Creating AISystem for world Map_FiveNights
[2017.10.01-23.24.42:915][178]LogPlayLevel: PIE: World Init took: (0.000775s)
[2017.10.01-23.24.42:916][178]LogPlayLevel: PIE: Created PIE world by copying editor world from /Game/Playground/Levels/FNF/Map_FiveNights.Map_FiveNights to /Game/Playground/Levels/FNF/UEDPIE_0_Map_FiveNights.Map_FiveNights (0.064532s)
[2017.10.01-23.24.42:937][178]LogInit: XAudio2 using 'Speakers (Realtek High Definition Audio)' : 2 channels at 48 kHz using 32 bits per sample (channel mask 0x3)
[2017.10.01-23.24.42:963][178]LogInit: FAudioDevice initialized.
[2017.10.01-23.24.43:002][178]LogLoad: Game class is 'GM_FiveNights_C'
[2017.10.01-23.24.43:021][178]LogWorld: Bringing World /Game/Playground/Levels/FNF/UEDPIE_0_Map_FiveNights.Map_FiveNights up for play (max tick rate 0) at 2017.10.01-19.24.43
[2017.10.01-23.24.43:023][178]LogWorld: Bringing up level for play took: 0.019693
[2017.10.01-23.24.43:023][178]LogSpawn:Warning: SpawnActor failed because no class was specified
[2017.10.01-23.24.43:080][178]LogContentBrowser: Native class hierarchy updated for 'MovieSceneCapture' in 0.0006 seconds. Added 11 classes and 0 folders.
[2017.10.01-23.24.43:144][178]PIE: Info Play in editor start time for /Game/Playground/Levels/FNF/UEDPIE_0_Map_FiveNights -0.286
[2017.10.01-23.24.43:144][178]LogBlueprintUserMessages: Late PlayInEditor Detection: Level '/Game/Playground/Levels/FNF/Map_FiveNights.Map_FiveNights:PersistentLevel' has LevelScriptBlueprint '/Game/Playground/Levels/FNF/Map_FiveNights.Map_FiveNights:PersistentLevel.Map_FiveNights' with GeneratedClass '/Game/Playground/Levels/FNF/Map_FiveNights.Map_FiveNights_C' with ClassGeneratedBy '/Game/Playground/Levels/FNF/Map_FiveNights.Map_FiveNights:PersistentLevel.Map_FiveNights'
[2017.10.01-23.24.50:979][751]LogBlueprintUserMessages: Early EndPlayMap Detection: Level '/Game/Playground/Levels/FNF/Map_FiveNights.Map_FiveNights:PersistentLevel' has LevelScriptBlueprint '/Game/Playground/Levels/FNF/Map_FiveNights.Map_FiveNights:PersistentLevel.Map_FiveNights' with GeneratedClass '/Game/Playground/Levels/FNF/Map_FiveNights.Map_FiveNights_C' with ClassGeneratedBy '/Game/Playground/Levels/FNF/Map_FiveNights.Map_FiveNights:PersistentLevel.Map_FiveNights'
[2017.10.01-23.24.51:051][751]LogBlueprintUserMessages: Late EndPlayMap Detection: Level '/Game/Playground/Levels/FNF/Map_FiveNights.Map_FiveNights:PersistentLevel' has LevelScriptBlueprint '/Game/Playground/Levels/FNF/Map_FiveNights.Map_FiveNights:PersistentLevel.Map_FiveNights' with GeneratedClass '/Game/Playground/Levels/FNF/Map_FiveNights.Map_FiveNights_C' with ClassGeneratedBy '/Game/Playground/Levels/FNF/Map_FiveNights.Map_FiveNights:PersistentLevel.Map_FiveNights'
[2017.10.01-23.24.52:620][856]LogEditorViewport: Clicking on Actor (LMB): PlayerStart (NetworkPlayerStart)
[2017.10.01-23.24.58:486][388]LogNavigationPoint: PostEditMove Clear paths rebuilt
[2017.10.01-23.25.02:030][677]LogNavigationPoint: PostEditMove Clear paths rebuilt
[2017.10.01-23.25.04:524][847]LogNavigationPoint: PostEditMove Clear paths rebuilt
[2017.10.01-23.25.06:788][974]LogNavigationPoint: PostEditMove Clear paths rebuilt
[2017.10.01-23.25.08:958][ 65]LogNavigationPoint: PostEditMove Clear paths rebuilt
[2017.10.01-23.25.12:018][194]LogNavigationPoint: PostEditMove Clear paths rebuilt
[2017.10.01-23.25.15:458][312]LogNavigationPoint: PostEditMove Clear paths rebuilt
[2017.10.01-23.25.18:208][405]LogNavigationPoint: PostEditMove Clear paths rebuilt
[2017.10.01-23.25.18:373][411]LogNavigationPoint: PostEditMove Clear paths rebuilt
[2017.10.01-23.25.18:610][421]LogNavigationPoint: PostEditMove Clear paths rebuilt
[2017.10.01-23.25.30:129][188]LogNavigationPoint: PostEditMove Clear paths rebuilt
[2017.10.01-23.25.32:654][487]LogNavigationPoint: PostEditMove Clear paths rebuilt
[2017.10.01-23.25.33:469][583]LogNavigationPoint: PostEditMove Clear paths rebuilt
[2017.10.01-23.25.33:599][598]LogNavigationPoint: PostEditMove Clear paths rebuilt
[2017.10.01-23.25.34:795][741]LogNavigationPoint: PostEditMove Clear paths rebuilt
[2017.10.01-23.25.35:641][842]LogNavigationPoint: PostEditMove Clear paths rebuilt
[2017.10.01-23.25.35:659][844]LogNavigationPoint: PostEditMove Clear paths rebuilt
[2017.10.01-23.25.39:331][282]LogEditorViewport: Clicking on Actor (context menu): Landscape (Landscape)
[2017.10.01-23.25.40:121][372]LogEditorViewport: Clicking Background
[2017.10.01-23.25.43:434][766]LogEditorViewport: Clicking on Actor (LMB): PlayerStart (NetworkPlayerStart)
[2017.10.01-23.25.49:702][512]LogNavigationPoint: PostEditMove Clear paths rebuilt
[2017.10.01-23.25.52:622][860]LogNavigationPoint: PostEditMove Clear paths rebuilt
[2017.10.01-23.25.53:370][949]LogTemp: Repeting last play command: Selected Viewport
[2017.10.01-23.25.53:376][949]LogBlueprintUserMessages: Early PlayInEditor Detection: Level '/Game/Playground/Levels/FNF/Map_FiveNights.Map_FiveNights:PersistentLevel' has LevelScriptBlueprint '/Game/Playground/Levels/FNF/Map_FiveNights.Map_FiveNights:PersistentLevel.Map_FiveNights' with GeneratedClass '/Game/Playground/Levels/FNF/Map_FiveNights.Map_FiveNights_C' with ClassGeneratedBy '/Game/Playground/Levels/FNF/Map_FiveNights.Map_FiveNights:PersistentLevel.Map_FiveNights'
[2017.10.01-23.25.53:376][949]LogPlayLevel: PlayLevel: No blueprints needed recompiling
[2017.10.01-23.25.53:377][949]PIE: New page: PIE session: Map_FiveNights (Oct 1, 2017, 3:25:53 PM)
[2017.10.01-23.25.53:377][949]LogPlayLevel: Creating play world package: /Game/Playground/Levels/FNF/UEDPIE_0_Map_FiveNights
[2017.10.01-23.25.53:435][949]LogPlayLevel: PIE: StaticDuplicateObject took: (0.058813s)
[2017.10.01-23.25.53:436][949]LogAIModule: Creating AISystem for world Map_FiveNights
[2017.10.01-23.25.53:436][949]LogPlayLevel: PIE: World Init took: (0.000573s)
[2017.10.01-23.25.53:436][949]LogPlayLevel: PIE: Created PIE world by copying editor world from /Game/Playground/Levels/FNF/Map_FiveNights.Map_FiveNights to /Game/Playground/Levels/FNF/UEDPIE_0_Map_FiveNights.Map_FiveNights (0.059743s)
[2017.10.01-23.25.53:458][949]LogInit: XAudio2 using 'Speakers (Realtek High Definition Audio)' : 2 channels at 48 kHz using 32 bits per sample (channel mask 0x3)
[2017.10.01-23.25.53:485][949]LogInit: FAudioDevice initialized.
[2017.10.01-23.25.53:514][949]LogLoad: Game class is 'GM_FiveNights_C'
[2017.10.01-23.25.53:532][949]LogWorld: Bringing World /Game/Playground/Levels/FNF/UEDPIE_0_Map_FiveNights.Map_FiveNights up for play (max tick rate 0) at 2017.10.01-19.25.53
[2017.10.01-23.25.53:533][949]LogWorld: Bringing up level for play took: 0.017339
[2017.10.01-23.25.53:533][949]LogSpawn:Warning: SpawnActor failed because no class was specified
[2017.10.01-23.25.53:593][949]PIE: Info Play in editor start time for /Game/Playground/Levels/FNF/UEDPIE_0_Map_FiveNights 0.163
[2017.10.01-23.25.53:593][949]LogBlueprintUserMessages: Late PlayInEditor Detection: Level '/Game/Playground/Levels/FNF/Map_FiveNights.Map_FiveNights:PersistentLevel' has LevelScriptBlueprint '/Game/Playground/Levels/FNF/Map_FiveNights.Map_FiveNights:PersistentLevel.Map_FiveNights' with GeneratedClass '/Game/Playground/Levels/FNF/Map_FiveNights.Map_FiveNights_C' with ClassGeneratedBy '/Game/Playground/Levels/FNF/Map_FiveNights.Map_FiveNights:PersistentLevel.Map_FiveNights'
[2017.10.01-23.25.56:185][146]LogBlueprintUserMessages: Early EndPlayMap Detection: Level '/Game/Playground/Levels/FNF/Map_FiveNights.Map_FiveNights:PersistentLevel' has LevelScriptBlueprint '/Game/Playground/Levels/FNF/Map_FiveNights.Map_FiveNights:PersistentLevel.Map_FiveNights' with GeneratedClass '/Game/Playground/Levels/FNF/Map_FiveNights.Map_FiveNights_C' with ClassGeneratedBy '/Game/Playground/Levels/FNF/Map_FiveNights.Map_FiveNights:PersistentLevel.Map_FiveNights'
[2017.10.01-23.25.56:252][146]LogBlueprintUserMessages: Late EndPlayMap Detection: Level '/Game/Playground/Levels/FNF/Map_FiveNights.Map_FiveNights:PersistentLevel' has LevelScriptBlueprint '/Game/Playground/Levels/FNF/Map_FiveNights.Map_FiveNights:PersistentLevel.Map_FiveNights' with GeneratedClass '/Game/Playground/Levels/FNF/Map_FiveNights.Map_FiveNights_C' with ClassGeneratedBy '/Game/Playground/Levels/FNF/Map_FiveNights.Map_FiveNights:PersistentLevel.Map_FiveNights'
[2017.10.01-23.26.00:613][663]LogEditorViewport: Clicking on Actor (LMB): PlayerStart (NetworkPlayerStart)
[2017.10.01-23.26.12:138][ 42]LogNavigationPoint: PostEditMove Clear paths rebuilt
[2017.10.01-23.26.13:395][192]LogTemp: Repeting last play command: Selected Viewport
[2017.10.01-23.26.13:402][192]LogBlueprintUserMessages: Early PlayInEditor Detection: Level '/Game/Playground/Levels/FNF/Map_FiveNights.Map_FiveNights:PersistentLevel' has LevelScriptBlueprint '/Game/Playground/Levels/FNF/Map_FiveNights.Map_FiveNights:PersistentLevel.Map_FiveNights' with GeneratedClass '/Game/Playground/Levels/FNF/Map_FiveNights.Map_FiveNights_C' with ClassGeneratedBy '/Game/Playground/Levels/FNF/Map_FiveNights.Map_FiveNights:PersistentLevel.Map_FiveNights'
[2017.10.01-23.26.13:402][192]LogPlayLevel: PlayLevel: No blueprints needed recompiling
[2017.10.01-23.26.13:402][192]PIE: New page: PIE session: Map_FiveNights (Oct 1, 2017, 3:26:13 PM)
[2017.10.01-23.26.13:402][192]LogPlayLevel: Creating play world package: /Game/Playground/Levels/FNF/UEDPIE_0_Map_FiveNights
[2017.10.01-23.26.13:459][192]LogPlayLevel: PIE: StaticDuplicateObject took: (0.057613s)
[2017.10.01-23.26.13:460][192]LogAIModule: Creating AISystem for world Map_FiveNights
[2017.10.01-23.26.13:460][192]LogPlayLevel: PIE: World Init took: (0.000668s)
[2017.10.01-23.26.13:460][192]LogPlayLevel: PIE: Created PIE world by copying editor world from /Game/Playground/Levels/FNF/Map_FiveNights.Map_FiveNights to /Game/Playground/Levels/FNF/UEDPIE_0_Map_FiveNights.Map_FiveNights (0.058734s)
[2017.10.01-23.26.13:482][192]LogInit: XAudio2 using 'Speakers (Realtek High Definition Audio)' : 2 channels at 48 kHz using 32 bits per sample (channel mask 0x3)
[2017.10.01-23.26.13:508][192]LogInit: FAudioDevice initialized.
[2017.10.01-23.26.13:540][192]LogLoad: Game class is 'GM_FiveNights_C'
[2017.10.01-23.26.13:558][192]LogWorld: Bringing World /Game/Playground/Levels/FNF/UEDPIE_0_Map_FiveNights.Map_FiveNights up for play (max tick rate 0) at 2017.10.01-19.26.13
[2017.10.01-23.26.13:559][192]LogWorld: Bringing up level for play took: 0.017134
[2017.10.01-23.26.13:559][192]LogSpawn:Warning: SpawnActor failed because no class was specified
[2017.10.01-23.26.13:620][192]PIE: Info Play in editor start time for /Game/Playground/Levels/FNF/UEDPIE_0_Map_FiveNights 0.19
[2017.10.01-23.26.13:620][192]LogBlueprintUserMessages: Late PlayInEditor Detection: Level '/Game/Playground/Levels/FNF/Map_FiveNights.Map_FiveNights:PersistentLevel' has LevelScriptBlueprint '/Game/Playground/Levels/FNF/Map_FiveNights.Map_FiveNights:PersistentLevel.Map_FiveNights' with GeneratedClass '/Game/Playground/Levels/FNF/Map_FiveNights.Map_FiveNights_C' with ClassGeneratedBy '/Game/Playground/Levels/FNF/Map_FiveNights.Map_FiveNights:PersistentLevel.Map_FiveNights'
[2017.10.01-23.26.47:554][916]LogBlueprintUserMessages: Early EndPlayMap Detection: Level '/Game/Playground/Levels/FNF/Map_FiveNights.Map_FiveNights:PersistentLevel' has LevelScriptBlueprint '/Game/Playground/Levels/FNF/Map_FiveNights.Map_FiveNights:PersistentLevel.Map_FiveNights' with GeneratedClass '/Game/Playground/Levels/FNF/Map_FiveNights.Map_FiveNights_C' with ClassGeneratedBy '/Game/Playground/Levels/FNF/Map_FiveNights.Map_FiveNights:PersistentLevel.Map_FiveNights'
[2017.10.01-23.26.47:639][916]LogBlueprintUserMessages: Late EndPlayMap Detection: Level '/Game/Playground/Levels/FNF/Map_FiveNights.Map_FiveNights:PersistentLevel' has LevelScriptBlueprint '/Game/Playground/Levels/FNF/Map_FiveNights.Map_FiveNights:PersistentLevel.Map_FiveNights' with GeneratedClass '/Game/Playground/Levels/FNF/Map_FiveNights.Map_FiveNights_C' with ClassGeneratedBy '/Game/Playground/Levels/FNF/Map_FiveNights.Map_FiveNights:PersistentLevel.Map_FiveNights'
[2017.10.01-23.26.58:236][482]LogSlate: Took 0.000112 seconds to synchronously load lazily loaded font '../../../Engine/Content/Slate/Fonts/Roboto-Light.ttf' (159K)
[2017.10.01-23.26.59:273][482]LogSavePackage: Save=943.60ms
[2017.10.01-23.26.59:273][482]LogSavePackage: Moving 'D:/Repositories/FNF/FiveNights/Saved/Map_FiveNights79252F494C2BA3E2109829B6EB9E06EA.tmp' to 'D:/Repositories/FNF/FiveNights/Content/Playground/Levels/FNF/Map_FiveNights.umap'
[2017.10.01-23.26.59:275][482]LogSavePackage:Display: Finished SavePackage D:/Repositories/FNF/FiveNights/Content/Playground/Levels/FNF/Map_FiveNights.umap
[2017.10.01-23.26.59:284][482]LogFileHelpers: Saving map 'Map_FiveNights' took 1.041
[2017.10.01-23.26.59:314][482]LogWindowsTextInputMethodSystem:Display: IME system now deactivated.
[2017.10.01-23.26.59:460][483]Cmd: QUIT_EDITOR
[2017.10.01-23.26.59:815][483]LogExit: Preparing to exit.
[2017.10.01-23.27.00:952][483]LogExit: Editor shut down
[2017.10.01-23.27.00:953][483]LogExit: Transaction tracking system shut down
[2017.10.01-23.27.00:996][483]LogObj: Freed 0b from 0 cluster array pools.
[2017.10.01-23.27.00:996][483]LogExit: Object subsystem successfully closed.
[2017.10.01-23.27.01:016][483]LogD3D11RHI: Shutdown
[2017.10.01-23.27.01:016][483]LogD3D11RHI: CleanupD3DDevice
[2017.10.01-23.27.01:089][483]LogD3D11RHI: ~FD3D11DynamicRHI
[2017.10.01-23.27.01:109][483]LogModuleManager: Shutting down and abandoning module MovieSceneCapture (526)
[2017.10.01-23.27.01:109][483]LogModuleManager: Shutting down and abandoning module HierarchicalLODOutliner (524)
[2017.10.01-23.27.01:109][483]LogModuleManager: Shutting down and abandoning module CrashTracker (522)
[2017.10.01-23.27.01:109][483]LogModuleManager: Shutting down and abandoning module SceneOutliner (520)
[2017.10.01-23.27.01:109][483]LogModuleManager: Shutting down and abandoning module AddContentDialog (518)
[2017.10.01-23.27.01:109][483]LogDirectoryWatcher: A directory notification for 'C:/Program Files/Epic Games/UE_4.16/FeaturePacks/' was aborted.
[2017.10.01-23.27.01:110][483]LogModuleManager: Shutting down and abandoning module WidgetCarousel (517)
[2017.10.01-23.27.01:110][483]LogModuleManager: Shutting down and abandoning module EditorWidgets (514)
[2017.10.01-23.27.01:110][483]LogModuleManager: Shutting down and abandoning module CollectionManager (512)
[2017.10.01-23.27.01:110][483]LogDirectoryWatcher: A directory notification for 'D:/Repositories/FNF/FiveNights/Content/Collections/' was aborted.
[2017.10.01-23.27.01:110][483]LogDirectoryWatcher: A directory notification for 'D:/Repositories/FNF/FiveNights/Content/Developers/BSAlberto/Collections/' was aborted.
[2017.10.01-23.27.01:110][483]LogDirectoryWatcher: A directory notification for 'D:/Repositories/FNF/FiveNights/Saved/Collections/' was aborted.
[2017.10.01-23.27.01:110][483]LogModuleManager: Shutting down and abandoning module StatsViewer (510)
[2017.10.01-23.27.01:110][483]LogModuleManager: Shutting down and abandoning module FoliageEdit (508)
[2017.10.01-23.27.01:110][483]LogModuleManager: Shutting down and abandoning module LandscapeEditor (506)
[2017.10.01-23.27.01:110][483]LogModuleManager: Shutting down and abandoning module MeshPaintMode (504)
[2017.10.01-23.27.01:110][483]LogModuleManager: Shutting down and abandoning module SceneDepthPickerMode (502)
[2017.10.01-23.27.01:110][483]LogModuleManager: Shutting down and abandoning module ActorPickerMode (500)
[2017.10.01-23.27.01:110][483]LogModuleManager: Shutting down and abandoning module GeometryMode (498)
[2017.10.01-23.27.01:110][483]LogModuleManager: Shutting down and abandoning module TextureAlignMode (496)
[2017.10.01-23.27.01:110][483]LogModuleManager: Shutting down and abandoning module BspMode (494)
[2017.10.01-23.27.01:110][483]LogModuleManager: Shutting down and abandoning module HardwareSurvey (492)
[2017.10.01-23.27.01:110][483]LogModuleManager: Shutting down and abandoning module SequenceRecorderSections (490)
[2017.10.01-23.27.01:110][483]LogModuleManager: Shutting down and abandoning module AutomationWorker (488)
[2017.10.01-23.27.01:110][483]LogModuleManager: Shutting down and abandoning module MatineeToLevelSequence (486)
[2017.10.01-23.27.01:110][483]LogModuleManager: Shutting down and abandoning module LevelSequenceEditor (484)
[2017.10.01-23.27.01:110][483]LogModuleManager: Shutting down and abandoning module PlacementMode (483)
[2017.10.01-23.27.01:110][483]LogModuleManager: Shutting down and abandoning module WmfMediaFactory (480)
[2017.10.01-23.27.01:110][483]LogModuleManager: Shutting down and abandoning module WmfMediaEditor (478)
[2017.10.01-23.27.01:110][483]LogModuleManager: Shutting down and abandoning module AvfMediaFactory (476)
[2017.10.01-23.27.01:110][483]LogModuleManager: Shutting down and abandoning module AvfMediaEditor (474)
[2017.10.01-23.27.01:110][483]LogModuleManager: Shutting down and abandoning module AndroidMediaFactory (472)
[2017.10.01-23.27.01:110][483]LogModuleManager: Shutting down and abandoning module Media (471)
[2017.10.01-23.27.01:110][483]LogModuleManager: Shutting down and abandoning module AndroidMediaEditor (468)
[2017.10.01-23.27.01:110][483]LogModuleManager: Shutting down and abandoning module CharacterAI (466)
[2017.10.01-23.27.01:110][483]LogModuleManager: Shutting down and abandoning module AudioCapture (464)
[2017.10.01-23.27.01:110][483]LogModuleManager: Shutting down and abandoning module SequenceRecorder (463)
[2017.10.01-23.27.01:110][483]LogModuleManager: Shutting down and abandoning module SmartSnapping (460)
[2017.10.01-23.27.01:110][483]LogModuleManager: Shutting down and abandoning module SessionServices (458)
[2017.10.01-23.27.01:110][483]LogModuleManager: Shutting down and abandoning module ViewportSnapping (456)
[2017.10.01-23.27.01:110][483]LogModuleManager: Shutting down and abandoning module ViewportInteraction (454)
[2017.10.01-23.27.01:110][483]LogModuleManager: Shutting down and abandoning module ClothPainter (452)
[2017.10.01-23.27.01:110][483]LogModuleManager: Shutting down and abandoning module LogVisualizer (450)
[2017.10.01-23.27.01:110][483]LogModuleManager: Shutting down and abandoning module IntroTutorials (448)
[2017.10.01-23.27.01:110][483]LogModuleManager: Shutting down and abandoning module GameProjectGeneration (447)
[2017.10.01-23.27.01:110][483]LogModuleManager: Shutting down and abandoning module EditorLiveStreaming (444)
[2017.10.01-23.27.01:110][483]LogModuleManager: Shutting down and abandoning module IOSPlatformEditor (442)
[2017.10.01-23.27.01:110][483]LogModuleManager: Shutting down and abandoning module HTML5PlatformEditor (440)
[2017.10.01-23.27.01:110][483]LogModuleManager: Shutting down and abandoning module AndroidPlatformEditor (438)
[2017.10.01-23.27.01:110][483]LogModuleManager: Shutting down and abandoning module AndroidDeviceDetection (437)
[2017.10.01-23.27.01:316][483]LogModuleManager: Shutting down and abandoning module IOSRuntimeSettings (434)
[2017.10.01-23.27.01:316][483]LogModuleManager: Shutting down and abandoning module AndroidRuntimeSettings (432)
[2017.10.01-23.27.01:316][483]LogModuleManager: Shutting down and abandoning module InputBindingEditor (430)
[2017.10.01-23.27.01:316][483]LogModuleManager: Shutting down and abandoning module MergeActors (428)
[2017.10.01-23.27.01:316][483]LogModuleManager: Shutting down and abandoning module SizeMap (426)
[2017.10.01-23.27.01:316][483]LogModuleManager: Shutting down and abandoning module TreeMap (424)
[2017.10.01-23.27.01:316][483]LogModuleManager: Shutting down and abandoning module ReferenceViewer (422)
[2017.10.01-23.27.01:316][483]LogModuleManager: Shutting down and abandoning module LocalizationDashboard (420)
[2017.10.01-23.27.01:316][483]LogModuleManager: Shutting down and abandoning module LocalizationService (419)
[2017.10.01-23.27.01:316][483]LogModuleManager: Shutting down and abandoning module HardwareTargeting (416)
[2017.10.01-23.27.01:316][483]LogModuleManager: Shutting down and abandoning module DeviceProfileEditor (414)
[2017.10.01-23.27.01:316][483]LogModuleManager: Shutting down and abandoning module UndoHistory (412)
[2017.10.01-23.27.01:316][483]LogModuleManager: Shutting down and abandoning module UserFeedback (410)
[2017.10.01-23.27.01:316][483]LogModuleManager: Shutting down and abandoning module XmlParser (408)
[2017.10.01-23.27.01:316][483]LogModuleManager: Shutting down and abandoning module Blutility (406)
[2017.10.01-23.27.01:316][483]LogModuleManager: Shutting down and abandoning module ProjectSettingsViewer (404)
[2017.10.01-23.27.01:316][483]LogModuleManager: Shutting down and abandoning module ProjectTargetPlatformEditor (403)
[2017.10.01-23.27.01:316][483]LogModuleManager: Shutting down and abandoning module EditorSettingsViewer (400)
[2017.10.01-23.27.01:316][483]LogModuleManager: Shutting down and abandoning module SettingsEditor (398)
[2017.10.01-23.27.01:316][483]LogModuleManager: Shutting down and abandoning module ProjectLauncher (396)
[2017.10.01-23.27.01:316][483]LogModuleManager: Shutting down and abandoning module SessionFrontend (394)
[2017.10.01-23.27.01:316][483]LogModuleManager: Shutting down and abandoning module ProfilerClient (392)
[2017.10.01-23.27.01:316][483]LogModuleManager: Shutting down and abandoning module DeviceManager (390)
[2017.10.01-23.27.01:316][483]LogModuleManager: Shutting down and abandoning module TargetDeviceServices (389)
[2017.10.01-23.27.01:380][483]LogModuleManager: Shutting down and abandoning module AutomationController (386)
[2017.10.01-23.27.01:380][483]LogModuleManager: Shutting down and abandoning module AutomationWindow (384)
[2017.10.01-23.27.01:380][483]LogModuleManager: Shutting down and abandoning module Layers (382)
[2017.10.01-23.27.01:380][483]LogModuleManager: Shutting down and abandoning module ComponentVisualizers (380)
[2017.10.01-23.27.01:380][483]LogModuleManager: Shutting down and abandoning module DetailCustomizations (378)
[2017.10.01-23.27.01:380][483]LogModuleManager: Shutting down and abandoning module PackagesDialog (376)
[2017.10.01-23.27.01:380][483]LogModuleManager: Shutting down and abandoning module Persona (374)
[2017.10.01-23.27.01:380][483]LogModuleManager: Shutting down and abandoning module AdvancedPreviewScene (373)
[2017.10.01-23.27.01:380][483]LogModuleManager: Shutting down and abandoning module AnimGraph (371)
[2017.10.01-23.27.01:380][483]LogModuleManager: Shutting down and abandoning module Kismet (368)
[2017.10.01-23.27.01:381][483]LogModuleManager: Shutting down and abandoning module ClassViewer (366)
[2017.10.01-23.27.01:381][483]LogModuleManager: Shutting down and abandoning module Toolbox (364)
[2017.10.01-23.27.01:381][483]LogModuleManager: Shutting down and abandoning module ModuleUI (362)
[2017.10.01-23.27.01:381][483]LogModuleManager: Shutting down and abandoning module MovieSceneTools (360)
[2017.10.01-23.27.01:381][483]LogModuleManager: Shutting down and abandoning module OutputLog (358)
[2017.10.01-23.27.01:381][483]LogModuleManager: Shutting down and abandoning module GammaUI (356)
[2017.10.01-23.27.01:381][483]LogModuleManager: Shutting down and abandoning module Documentation (354)
[2017.10.01-23.27.01:381][483]LogModuleManager: Shutting down and abandoning module MovieSceneTracks (352)
[2017.10.01-23.27.01:381][483]LogModuleManager: Shutting down and abandoning module MovieScene (350)
[2017.10.01-23.27.01:381][483]LogModuleManager: Shutting down and abandoning module Niagara (348)
[2017.10.01-23.27.01:381][483]LogModuleManager: Shutting down and abandoning module NiagaraEditor (347)
[2017.10.01-23.27.01:381][483]LogModuleManager: Shutting down and abandoning module StreamingPauseRendering (344)
[2017.10.01-23.27.01:381][483]LogModuleManager: Shutting down and abandoning module AnalyticsET (342)
[2017.10.01-23.27.01:381][483]LogModuleManager: Shutting down and abandoning module PortalServices (340)
[2017.10.01-23.27.01:381][483]LogModuleManager: Shutting down and abandoning module PortalRpc (338)
[2017.10.01-23.27.01:381][483]LogModuleManager: Shutting down and abandoning module MessagingRpc (336)
[2017.10.01-23.27.01:381][483]LogModuleManager: Shutting down and abandoning module AIModule (334)
[2017.10.01-23.27.01:381][483]LogModuleManager: Shutting down and abandoning module GameplayDebugger (333)
[2017.10.01-23.27.01:381][483]LogModuleManager: Shutting down and abandoning module AITestSuite (331)
[2017.10.01-23.27.01:381][483]LogModuleManager: Shutting down and abandoning module ProfilerService (328)
[2017.10.01-23.27.01:459][483]LogModuleManager: Shutting down and abandoning module TaskGraph (326)
[2017.10.01-23.27.01:459][483]LogModuleManager: Shutting down and abandoning module SteamVRController (324)
[2017.10.01-23.27.01:459][483]LogModuleManager: Shutting down and abandoning module SteamVR (322)
[2017.10.01-23.27.01:459][483]LogModuleManager: Shutting down and abandoning module ProceduralMeshComponentEditor (320)
[2017.10.01-23.27.01:459][483]LogModuleManager: Shutting down and abandoning module ProceduralMeshComponent (318)
[2017.10.01-23.27.01:459][483]LogModuleManager: Shutting down and abandoning module OculusLibrary (316)
[2017.10.01-23.27.01:459][483]LogModuleManager: Shutting down and abandoning module OculusInput (314)
[2017.10.01-23.27.01:459][483]LogModuleManager: Shutting down and abandoning module MobilePatchingUtils (312)
[2017.10.01-23.27.01:459][483]LogModuleManager: Shutting down and abandoning module CustomMeshComponent (310)
[2017.10.01-23.27.01:459][483]LogModuleManager: Shutting down and abandoning module CableComponent (308)
[2017.10.01-23.27.01:459][483]LogModuleManager: Shutting down and abandoning module ArchVisCharacter (306)
[2017.10.01-23.27.01:459][483]LogModuleManager: Shutting down and abandoning module AndroidPermission (304)
[2017.10.01-23.27.01:459][483]LogModuleManager: Shutting down and abandoning module MediaPlayerEditor (300)
[2017.10.01-23.27.01:459][483]LogModuleManager: Shutting down and abandoning module HTML5Networking (298)
[2017.10.01-23.27.01:459][483]LogModuleManager: Shutting down and abandoning module AlembicImporter (296)
[2017.10.01-23.27.01:459][483]LogModuleManager: Shutting down and abandoning module AlembicLibrary (295)
[2017.10.01-23.27.01:459][483]LogModuleManager: Shutting down and abandoning module GeometryCache (294)
[2017.10.01-23.27.01:459][483]LogModuleManager: Shutting down and abandoning module GeometryCacheEd (293)
[2017.10.01-23.27.01:459][483]LogModuleManager: Shutting down and abandoning module SuperSearchEditor (288)
[2017.10.01-23.27.01:459][483]LogModuleManager: Shutting down and abandoning module SuperSearch (287)
[2017.10.01-23.27.01:459][483]LogModuleManager: Shutting down and abandoning module SpeedTreeImporter (284)
[2017.10.01-23.27.01:459][483]LogModuleManager: Shutting down and abandoning module PluginBrowser (282)
[2017.10.01-23.27.01:459][483]LogModuleManager: Shutting down and abandoning module MobileLauncherProfileWizard (280)
[2017.10.01-23.27.01:459][483]LogModuleManager: Shutting down and abandoning module VisualStudioSourceCodeAccess (278)
[2017.10.01-23.27.01:459][483]LogModuleManager: Shutting down and abandoning module DesktopPlatform (277)
[2017.10.01-23.27.01:459][483]LogModuleManager: Shutting down and abandoning module UObjectPlugin (274)
[2017.10.01-23.27.01:459][483]LogModuleManager: Shutting down and abandoning module SubversionSourceControl (272)
[2017.10.01-23.27.01:459][483]LogModuleManager: Shutting down and abandoning module PerforceSourceControl (270)
[2017.10.01-23.27.01:459][483]LogModuleManager: Shutting down and abandoning module GitSourceControl (268)
[2017.10.01-23.27.01:459][483]LogModuleManager: Shutting down and abandoning module SourceControl (267)
[2017.10.01-23.27.01:459][483]LogModuleManager: Shutting down and abandoning module LightPropagationVolumeEditor (264)
[2017.10.01-23.27.01:459][483]LogModuleManager: Shutting down and abandoning module PaperTiledImporter (262)
[2017.10.01-23.27.01:459][483]LogModuleManager: Shutting down and abandoning module PaperSpriteSheetImporter (260)
[2017.10.01-23.27.01:459][483]LogModuleManager: Shutting down and abandoning module Paper2DEditor (258)
[2017.10.01-23.27.01:459][483]LogModuleManager: Shutting down and abandoning module MeshPaint (257)
[2017.10.01-23.27.01:459][483]LogModuleManager: Shutting down and abandoning module LevelEditor (255)
[2017.10.01-23.27.01:459][483]LogModuleManager: Shutting down and abandoning module PixelInspectorModule (254)
[2017.10.01-23.27.01:459][483]LogModuleManager: Shutting down and abandoning module MainFrame (252)
[2017.10.01-23.27.01:459][483]LogModuleManager: Shutting down and abandoning module HotReload (251)
[2017.10.01-23.27.01:460][483]LogModuleManager: Shutting down and abandoning module PhysXVehiclesEditor (246)
[2017.10.01-23.27.01:460][483]LogModuleManager: Shutting down and abandoning module PhysXVehicles (244)
[2017.10.01-23.27.01:460][483]LogModuleManager: Shutting down and abandoning module LocationServicesBPLibrary (242)
[2017.10.01-23.27.01:460][483]LogModuleManager: Shutting down and abandoning module ImmediatePhysicsEditor (240)
[2017.10.01-23.27.01:460][483]LogModuleManager: Shutting down and abandoning module ImmediatePhysics (238)
[2017.10.01-23.27.01:460][483]LogModuleManager: Shutting down and abandoning module UdpMessaging (236)
[2017.10.01-23.27.01:561][483]LogModuleManager: Shutting down and abandoning module TcpMessaging (234)
[2017.10.01-23.27.01:769][483]LogModuleManager: Shutting down and abandoning module GameplayTagsEditor (232)
[2017.10.01-23.27.01:769][483]LogModuleManager: Shutting down and abandoning module FacialAnimationEditor (230)
[2017.10.01-23.27.01:769][483]LogModuleManager: Shutting down and abandoning module FacialAnimation (228)
[2017.10.01-23.27.01:769][483]LogModuleManager: Shutting down and abandoning module AssetManagerEditor (226)
[2017.10.01-23.27.01:769][483]LogModuleManager: Shutting down and abandoning module GraphEditor (225)
[2017.10.01-23.27.01:769][483]LogModuleManager: Shutting down and abandoning module ContentBrowser (223)
[2017.10.01-23.27.01:769][483]LogModuleManager: Shutting down and abandoning module LightPropagationVolumeRuntime (220)
[2017.10.01-23.27.01:769][483]LogModuleManager: Shutting down and abandoning module Paper2D (218)
[2017.10.01-23.27.01:769][483]LogModuleManager: Shutting down and abandoning module WindowsMoviePlayer (216)
[2017.10.01-23.27.01:769][483]LogModuleManager: Shutting down and abandoning module WmfMedia (214)
[2017.10.01-23.27.01:771][483]LogModuleManager: Shutting down and abandoning module ClothingSystemEditor (212)
[2017.10.01-23.27.01:771][483]LogModuleManager: Shutting down and abandoning module ClothingSystemRuntime (210)
[2017.10.01-23.27.01:771][483]LogModuleManager: Shutting down and abandoning module MediaAssets (208)
[2017.10.01-23.27.01:771][483]LogModuleManager: Shutting down and abandoning module GameLiveStreaming (206)
[2017.10.01-23.27.01:771][483]LogModuleManager: Shutting down and abandoning module VREditor (204)
[2017.10.01-23.27.01:771][483]LogModuleManager: Shutting down and abandoning module StringTableEditor (202)
[2017.10.01-23.27.01:771][483]LogModuleManager: Shutting down and abandoning module GameplayTasksEditor (200)
[2017.10.01-23.27.01:771][483]LogModuleManager: Shutting down and abandoning module BehaviorTreeEditor (198)
[2017.10.01-23.27.01:771][483]LogModuleManager: Shutting down and abandoning module FunctionalTesting (196)
[2017.10.01-23.27.01:771][483]LogModuleManager: Shutting down and abandoning module CollisionAnalyzer (194)
[2017.10.01-23.27.01:771][483]LogModuleManager: Shutting down and abandoning module UMG (192)
[2017.10.01-23.27.01:771][483]LogModuleManager: Shutting down and abandoning module UMGEditor (191)
[2017.10.01-23.27.01:771][483]LogModuleManager: Shutting down and abandoning module Sequencer (190)
[2017.10.01-23.27.01:771][483]LogModuleManager: Shutting down and abandoning module AssetTools (188)
[2017.10.01-23.27.01:771][483]LogModuleManager: Shutting down and abandoning module MessageLog (187)
[2017.10.01-23.27.01:771][483]LogModuleManager: Shutting down and abandoning module WorkspaceMenuStructure (186)
[2017.10.01-23.27.01:771][483]LogModuleManager: Shutting down and abandoning module SlateReflector (180)
[2017.10.01-23.27.01:771][483]LogModuleManager: Shutting down and abandoning module Slate (178)
[2017.10.01-23.27.01:771][483]LogModuleManager: Shutting down and abandoning module EditorStyle (176)
[2017.10.01-23.27.01:773][483]LogModuleManager: Shutting down and abandoning module SourceCodeAccess (174)
[2017.10.01-23.27.01:773][483]LogModuleManager: Shutting down and abandoning module HeadMountedDisplay (172)
[2017.10.01-23.27.01:773][483]LogModuleManager: Shutting down and abandoning module XAudio2 (170)
[2017.10.01-23.27.01:773][483]LogModuleManager: Shutting down and abandoning module Networking (168)
[2017.10.01-23.27.01:773][483]LogModuleManager: Shutting down and abandoning module Core (164)
[2017.10.01-23.27.01:773][483]LogModuleManager: Shutting down and abandoning module AssetRegistry (162)
[2017.10.01-23.27.01:876][483]LogDirectoryWatcher: A directory notification for '../../../Engine/Content/' was aborted.
[2017.10.01-23.27.01:876][483]LogDirectoryWatcher: A directory notification for 'D:/Repositories/FNF/FiveNights/Content/' was aborted.
[2017.10.01-23.27.01:876][483]LogDirectoryWatcher: A directory notification for '../../../Engine/Plugins/2D/Paper2D/Content/' was aborted.
[2017.10.01-23.27.01:876][483]LogDirectoryWatcher: A directory notification for '../../../Engine/Plugins/Runtime/GearVR/Content/' was aborted.
[2017.10.01-23.27.01:878][483]LogModuleManager: Shutting down and abandoning module DirectoryWatcher (161)
[2017.10.01-23.27.01:878][483]LogModuleManager: Shutting down and abandoning module KismetCompiler (158)
[2017.10.01-23.27.01:878][483]LogModuleManager: Shutting down and abandoning module LevelSequence (156)
[2017.10.01-23.27.01:878][483]LogModuleManager: Shutting down and abandoning module PhysXFormats (154)
[2017.10.01-23.27.01:878][483]LogModuleManager: Shutting down and abandoning module MeshUtilities (152)
[2017.10.01-23.27.01:878][483]LogModuleManager: Shutting down and abandoning module SimplygonSwarm (151)
[2017.10.01-23.27.01:878][483]LogModuleManager: Shutting down and abandoning module SimplygonMeshReduction (149)
[2017.10.01-23.27.01:878][483]LogModuleManager: Shutting down and abandoning module QuadricMeshReduction (147)
[2017.10.01-23.27.01:878][483]LogModuleManager: Shutting down and abandoning module DerivedDataCache (144)
[2017.10.01-23.27.01:887][483]LogDerivedDataCache: Shutdown
[2017.10.01-23.27.01:887][483]LogModuleManager: Shutting down and abandoning module TargetPlatform (142)
[2017.10.01-23.27.01:887][483]LogModuleManager: Shutting down and abandoning module VulkanShaderFormat (141)
[2017.10.01-23.27.01:887][483]LogModuleManager: Shutting down and abandoning module ShaderFormatVectorVM (139)
[2017.10.01-23.27.01:887][483]LogModuleManager: Shutting down and abandoning module ShaderFormatOpenGL (137)
[2017.10.01-23.27.01:887][483]LogModuleManager: Shutting down and abandoning module ShaderFormatD3D (135)
[2017.10.01-23.27.01:887][483]LogModuleManager: Shutting down and abandoning module MetalShaderFormat (133)
[2017.10.01-23.27.01:887][483]LogModuleManager: Shutting down and abandoning module TextureFormatUncompressed (131)
[2017.10.01-23.27.01:887][483]LogModuleManager: Shutting down and abandoning module TextureFormatPVR (129)
[2017.10.01-23.27.01:887][483]LogModuleManager: Shutting down and abandoning module TextureFormatDXT (127)
[2017.10.01-23.27.01:887][483]LogModuleManager: Shutting down and abandoning module TextureFormatIntelISPCTexComp (125)
[2017.10.01-23.27.01:887][483]LogModuleManager: Shutting down and abandoning module TextureFormatASTC (123)
[2017.10.01-23.27.01:887][483]LogModuleManager: Shutting down and abandoning module ImageWrapper (122)
[2017.10.01-23.27.01:887][483]LogModuleManager: Shutting down and abandoning module TextureFormatAndroid (119)
[2017.10.01-23.27.01:887][483]LogModuleManager: Shutting down and abandoning module AudioFormatOpus (117)
[2017.10.01-23.27.01:887][483]LogModuleManager: Shutting down and abandoning module AudioFormatOgg (115)
[2017.10.01-23.27.01:887][483]LogModuleManager: Shutting down and abandoning module AudioFormatADPCM (113)
[2017.10.01-23.27.01:887][483]LogModuleManager: Shutting down and abandoning module LinuxTargetPlatform (111)
[2017.10.01-23.27.01:887][483]LogModuleManager: Shutting down and abandoning module LinuxServerTargetPlatform (109)
[2017.10.01-23.27.01:887][483]LogModuleManager: Shutting down and abandoning module LinuxNoEditorTargetPlatform (107)
[2017.10.01-23.27.01:887][483]LogModuleManager: Shutting down and abandoning module LinuxClientTargetPlatform (105)
[2017.10.01-23.27.01:887][483]LogModuleManager: Shutting down and abandoning module TVOSTargetPlatform (103)
[2017.10.01-23.27.01:887][483]LogModuleManager: Shutting down and abandoning module Messaging (101)
[2017.10.01-23.27.01:887][483]LogModuleManager: Shutting down and abandoning module IOSTargetPlatform (99)
[2017.10.01-23.27.01:887][483]LogModuleManager: Shutting down and abandoning module HTML5TargetPlatform (97)
[2017.10.01-23.27.01:887][483]LogModuleManager: Shutting down and abandoning module Android_PVRTCTargetPlatform (95)
[2017.10.01-23.27.01:887][483]LogModuleManager: Shutting down and abandoning module Android_MultiTargetPlatform (93)
[2017.10.01-23.27.01:887][483]LogModuleManager: Shutting down and abandoning module Android_ETC2TargetPlatform (91)
[2017.10.01-23.27.01:887][483]LogModuleManager: Shutting down and abandoning module Android_ETC1TargetPlatform (89)
[2017.10.01-23.27.01:887][483]LogModuleManager: Shutting down and abandoning module Android_DXTTargetPlatform (87)
[2017.10.01-23.27.01:887][483]LogModuleManager: Shutting down and abandoning module Android_ATCTargetPlatform (85)
[2017.10.01-23.27.01:887][483]LogModuleManager: Shutting down and abandoning module Android_ASTCTargetPlatform (83)
[2017.10.01-23.27.01:887][483]LogModuleManager: Shutting down and abandoning module AndroidTargetPlatform (81)
[2017.10.01-23.27.01:887][483]LogModuleManager: Shutting down and abandoning module WindowsTargetPlatform (79)
[2017.10.01-23.27.01:887][483]LogModuleManager: Shutting down and abandoning module WindowsServerTargetPlatform (77)
[2017.10.01-23.27.01:887][483]LogModuleManager: Shutting down and abandoning module WindowsNoEditorTargetPlatform (75)
[2017.10.01-23.27.01:887][483]LogModuleManager: Shutting down and abandoning module WindowsClientTargetPlatform (73)
[2017.10.01-23.27.01:887][483]LogModuleManager: Shutting down and abandoning module MacTargetPlatform (71)
[2017.10.01-23.27.01:887][483]LogModuleManager: Shutting down and abandoning module MacServerTargetPlatform (69)
[2017.10.01-23.27.01:887][483]LogModuleManager: Shutting down and abandoning module MacNoEditorTargetPlatform (67)
[2017.10.01-23.27.01:887][483]LogModuleManager: Shutting down and abandoning module MacClientTargetPlatform (65)
[2017.10.01-23.27.01:887][483]LogModuleManager: Shutting down and abandoning module AllDesktopTargetPlatform (63)
[2017.10.01-23.27.01:887][483]LogModuleManager: Shutting down and abandoning module InputCore (60)
[2017.10.01-23.27.01:887][483]LogModuleManager: Shutting down and abandoning module Settings (58)
[2017.10.01-23.27.01:888][483]LogModuleManager: Shutting down and abandoning module OculusRift (56)
[2017.10.01-23.27.01:888][483]LogModuleManager: Shutting down and abandoning module GearVRController (54)
[2017.10.01-23.27.01:888][483]LogModuleManager: Shutting down and abandoning module GearVR (52)
[2017.10.01-23.27.01:888][483]LogModuleManager: Shutting down and abandoning module ExampleDeviceProfileSelector (50)
[2017.10.01-23.27.01:888][483]LogModuleManager: Shutting down and abandoning module OnlineBlueprintSupport (48)
[2017.10.01-23.27.01:888][483]LogModuleManager: Shutting down and abandoning module OnlineSubsystem (44)
[2017.10.01-23.27.01:888][483]LogOnline:Display: Unloading online subsystem: NULL
[2017.10.01-23.27.01:888][483]LogModuleManager: Shutting down and abandoning module XMPP (43)
[2017.10.01-23.27.01:888][483]LogModuleManager: Shutting down and abandoning module HTTP (41)
[2017.10.01-23.27.01:888][483]LogHttp:Display: Http module shutting down, but needs to wait on 1 outstanding Http requests:
[2017.10.01-23.27.01:888][483]LogHttp:Display: 	verb=[POST] url=[https://datarouter.ol.epicgames.com/datarouter/api/v1/public/data?SessionID=%7BED60F502-4BDB-1C43-2ED4-3F9281085054%7D&AppID=UEEditor.Rocket.Release&AppVersion=4.16.3-3561208%2B%2B%2BUE4%2BRelease-4.16&UserID=992f96ff4b63ee5947c0259685c96a81%7Ca62b762fd4ef4507bd19b983bb6df020%7C7148f212-6e0b-4853-971b-e078ede5f47b&AppEnvironment=datacollector-binary&UploadType=eteventstream] status=Processing
[2017.10.01-23.27.01:902][483]LogModuleManager: Shutting down and abandoning module SSL (40)
[2017.10.01-23.27.01:903][483]LogModuleManager: Shutting down and abandoning module HTTPChunkInstaller (36)
[2017.10.01-23.27.01:903][483]LogModuleManager: Shutting down and abandoning module AnimationModifiers (34)
[2017.10.01-23.27.01:903][483]LogModuleManager: Shutting down and abandoning module PropertyEditor (33)
[2017.10.01-23.27.01:903][483]LogModuleManager: Shutting down and abandoning module AudioEditor (30)
[2017.10.01-23.27.01:903][483]LogModuleManager: Shutting down and abandoning module TextureCompressor (28)
[2017.10.01-23.27.01:903][483]LogModuleManager: Shutting down and abandoning module ShaderCore (26)
[2017.10.01-23.27.01:903][483]LogModuleManager: Shutting down and abandoning module Landscape (24)
[2017.10.01-23.27.01:903][483]LogModuleManager: Shutting down and abandoning module SlateRHIRenderer (22)
[2017.10.01-23.27.01:904][483]LogModuleManager: Shutting down and abandoning module OpenGLDrv (20)
[2017.10.01-23.27.01:904][483]LogModuleManager: Shutting down and abandoning module D3D11RHI (18)
[2017.10.01-23.27.01:904][483]LogModuleManager: Shutting down and abandoning module AnimGraphRuntime (16)
[2017.10.01-23.27.01:904][483]LogModuleManager: Shutting down and abandoning module Renderer (14)
[2017.10.01-23.27.01:904][483]LogModuleManager: Shutting down and abandoning module Engine (12)
[2017.10.01-23.27.01:904][483]LogModuleManager: Shutting down and abandoning module CoreUObject (10)
[2017.10.01-23.27.01:904][483]LogModuleManager: Shutting down and abandoning module NetworkFile (8)
[2017.10.01-23.27.01:904][483]LogModuleManager: Shutting down and abandoning module StreamingFile (6)
[2017.10.01-23.27.01:904][483]LogModuleManager: Shutting down and abandoning module SandboxFile (4)
[2017.10.01-23.27.01:904][483]LogModuleManager: Shutting down and abandoning module PakFile (2)
[2017.10.01-23.27.01:905][483]LogExit: Exiting.
[2017.10.01-23.27.01:910][483]Log file closed, 10/01/17 19:27:01
